05-23 - root - sample.py:84 <module> - DEBUG - Loaded configuration file C:\Users\prans\OneDrive\Documents\GitHub\NLP Exercises\possessions_emnlp2018\logging.conf
05-23 - root - sample.py:94 <module> - DEBUG - Namespace(ANNOTATIONS_FILE='possessions_emnlp2018/emnlp_2018_annotations.csv', max_articles=-1, stats=False)
05-23 - numexpr.utils - utils.py:129 _init_num_threads - INFO - Note: NumExpr detected 16 cores but "NUMEXPR_MAX_THREADS" not set, so enforcing safe limit of 8.
05-23 - numexpr.utils - utils.py:141 _init_num_threads - INFO - NumExpr defaulting to 8 threads.
05-23 - root - corpus_reader.py:85 read_corpus - CRITICAL - **** CRITICAL: missing possessor (?)
05-23 - root - corpus_reader.py:86 read_corpus - CRITICAL - Wiki_title                                         Arnolfini Portrait
Section_title                                             Description
Section_contents     The painting is generally in very good condit...
Same/Diff                                               Same sentence
Possessor                                                         NaN
Year                                                             1434
Before                                                              0
During                                                              1
After                                                               0
Name: 524, dtype: object
05-23 - root - corpus_reader.py:87 read_corpus - CRITICAL - 1
05-23 - root - corpus_reader.py:89 read_corpus - CRITICAL - nan
05-23 - root - corpus_reader.py:91 read_corpus - CRITICAL -  
05-23 - root - corpus_reader.py:91 read_corpus - CRITICAL - The
05-23 - root - corpus_reader.py:91 read_corpus - CRITICAL - painting
05-23 - root - corpus_reader.py:91 read_corpus - CRITICAL - is
05-23 - root - corpus_reader.py:91 read_corpus - CRITICAL - generally
05-23 - root - corpus_reader.py:91 read_corpus - CRITICAL - in
05-23 - root - corpus_reader.py:91 read_corpus - CRITICAL - very
05-23 - root - corpus_reader.py:91 read_corpus - CRITICAL - good
05-23 - root - corpus_reader.py:91 read_corpus - CRITICAL - condition
05-23 - root - corpus_reader.py:91 read_corpus - CRITICAL - ,
05-23 - root - corpus_reader.py:91 read_corpus - CRITICAL - though
05-23 - root - corpus_reader.py:91 read_corpus - CRITICAL - with
05-23 - root - corpus_reader.py:91 read_corpus - CRITICAL - small
05-23 - root - corpus_reader.py:91 read_corpus - CRITICAL - losses
05-23 - root - corpus_reader.py:91 read_corpus - CRITICAL - of
05-23 - root - corpus_reader.py:91 read_corpus - CRITICAL - original
05-23 - root - corpus_reader.py:91 read_corpus - CRITICAL - paint
05-23 - root - corpus_reader.py:91 read_corpus - CRITICAL - and
05-23 - root - corpus_reader.py:91 read_corpus - CRITICAL - damages
05-23 - root - corpus_reader.py:91 read_corpus - CRITICAL - ,
05-23 - root - corpus_reader.py:91 read_corpus - CRITICAL - which
05-23 - root - corpus_reader.py:91 read_corpus - CRITICAL - have
05-23 - root - corpus_reader.py:91 read_corpus - CRITICAL - mostly
05-23 - root - corpus_reader.py:91 read_corpus - CRITICAL - been
05-23 - root - corpus_reader.py:91 read_corpus - CRITICAL - retouched
05-23 - root - corpus_reader.py:91 read_corpus - CRITICAL - .
05-23 - root - corpus_reader.py:91 read_corpus - CRITICAL - Infrared
05-23 - root - corpus_reader.py:91 read_corpus - CRITICAL - reflectograms
05-23 - root - corpus_reader.py:91 read_corpus - CRITICAL - of
05-23 - root - corpus_reader.py:91 read_corpus - CRITICAL - the
05-23 - root - corpus_reader.py:91 read_corpus - CRITICAL - painting
05-23 - root - corpus_reader.py:91 read_corpus - CRITICAL - show
05-23 - root - corpus_reader.py:91 read_corpus - CRITICAL - many
05-23 - root - corpus_reader.py:91 read_corpus - CRITICAL - small
05-23 - root - corpus_reader.py:91 read_corpus - CRITICAL - alterations
05-23 - root - corpus_reader.py:91 read_corpus - CRITICAL - ,
05-23 - root - corpus_reader.py:91 read_corpus - CRITICAL - or
05-23 - root - corpus_reader.py:91 read_corpus - CRITICAL - pentimenti
05-23 - root - corpus_reader.py:91 read_corpus - CRITICAL - ,
05-23 - root - corpus_reader.py:91 read_corpus - CRITICAL - in
05-23 - root - corpus_reader.py:91 read_corpus - CRITICAL - the
05-23 - root - corpus_reader.py:91 read_corpus - CRITICAL - underdrawing
05-23 - root - corpus_reader.py:91 read_corpus - CRITICAL - :
05-23 - root - corpus_reader.py:91 read_corpus - CRITICAL - to
05-23 - root - corpus_reader.py:91 read_corpus - CRITICAL - both
05-23 - root - corpus_reader.py:91 read_corpus - CRITICAL - faces
05-23 - root - corpus_reader.py:91 read_corpus - CRITICAL - ,
05-23 - root - corpus_reader.py:91 read_corpus - CRITICAL - to
05-23 - root - corpus_reader.py:91 read_corpus - CRITICAL - the
05-23 - root - corpus_reader.py:91 read_corpus - CRITICAL - mirror
05-23 - root - corpus_reader.py:91 read_corpus - CRITICAL - ,
05-23 - root - corpus_reader.py:91 read_corpus - CRITICAL - and
05-23 - root - corpus_reader.py:91 read_corpus - CRITICAL - to
05-23 - root - corpus_reader.py:91 read_corpus - CRITICAL - other
05-23 - root - corpus_reader.py:91 read_corpus - CRITICAL - elements
05-23 - root - corpus_reader.py:91 read_corpus - CRITICAL - .
05-23 - root - corpus_reader.py:91 read_corpus - CRITICAL - The
05-23 - root - corpus_reader.py:91 read_corpus - CRITICAL - two
05-23 - root - corpus_reader.py:91 read_corpus - CRITICAL - figures
05-23 - root - corpus_reader.py:91 read_corpus - CRITICAL - are
05-23 - root - corpus_reader.py:91 read_corpus - CRITICAL - very
05-23 - root - corpus_reader.py:91 read_corpus - CRITICAL - richly
05-23 - root - corpus_reader.py:91 read_corpus - CRITICAL - dressed
05-23 - root - corpus_reader.py:91 read_corpus - CRITICAL - ;
05-23 - root - corpus_reader.py:91 read_corpus - CRITICAL - despite
05-23 - root - corpus_reader.py:91 read_corpus - CRITICAL - the
05-23 - root - corpus_reader.py:91 read_corpus - CRITICAL - season
05-23 - root - corpus_reader.py:91 read_corpus - CRITICAL - both
05-23 - root - corpus_reader.py:91 read_corpus - CRITICAL - their
05-23 - root - corpus_reader.py:91 read_corpus - CRITICAL - outer
05-23 - root - corpus_reader.py:91 read_corpus - CRITICAL - garments
05-23 - root - corpus_reader.py:91 read_corpus - CRITICAL - ,
05-23 - root - corpus_reader.py:91 read_corpus - CRITICAL - his
05-23 - root - corpus_reader.py:91 read_corpus - CRITICAL - tabard
05-23 - root - corpus_reader.py:91 read_corpus - CRITICAL - and
05-23 - root - corpus_reader.py:91 read_corpus - CRITICAL - her
05-23 - root - corpus_reader.py:91 read_corpus - CRITICAL - dress
05-23 - root - corpus_reader.py:91 read_corpus - CRITICAL - ,
05-23 - root - corpus_reader.py:91 read_corpus - CRITICAL - are
05-23 - root - corpus_reader.py:91 read_corpus - CRITICAL - trimmed
05-23 - root - corpus_reader.py:91 read_corpus - CRITICAL - and
05-23 - root - corpus_reader.py:91 read_corpus - CRITICAL - fully
05-23 - root - corpus_reader.py:91 read_corpus - CRITICAL - lined
05-23 - root - corpus_reader.py:91 read_corpus - CRITICAL - with
05-23 - root - corpus_reader.py:91 read_corpus - CRITICAL - fur
05-23 - root - corpus_reader.py:91 read_corpus - CRITICAL - .
05-23 - root - corpus_reader.py:91 read_corpus - CRITICAL - The
05-23 - root - corpus_reader.py:91 read_corpus - CRITICAL - furs
05-23 - root - corpus_reader.py:91 read_corpus - CRITICAL - may
05-23 - root - corpus_reader.py:91 read_corpus - CRITICAL - be
05-23 - root - corpus_reader.py:91 read_corpus - CRITICAL - the
05-23 - root - corpus_reader.py:91 read_corpus - CRITICAL - especially
05-23 - root - corpus_reader.py:91 read_corpus - CRITICAL - expensive
05-23 - root - corpus_reader.py:91 read_corpus - CRITICAL - sable
05-23 - root - corpus_reader.py:91 read_corpus - CRITICAL - for
05-23 - root - corpus_reader.py:91 read_corpus - CRITICAL - him
05-23 - root - corpus_reader.py:91 read_corpus - CRITICAL - and
05-23 - root - corpus_reader.py:91 read_corpus - CRITICAL - ermine
05-23 - root - corpus_reader.py:91 read_corpus - CRITICAL - or
05-23 - root - corpus_reader.py:91 read_corpus - CRITICAL - miniver
05-23 - root - corpus_reader.py:91 read_corpus - CRITICAL - for
05-23 - root - corpus_reader.py:91 read_corpus - CRITICAL - her
05-23 - root - corpus_reader.py:91 read_corpus - CRITICAL - .
05-23 - root - corpus_reader.py:91 read_corpus - CRITICAL - He
05-23 - root - corpus_reader.py:91 read_corpus - CRITICAL - wears
05-23 - root - corpus_reader.py:91 read_corpus - CRITICAL - a
05-23 - root - corpus_reader.py:91 read_corpus - CRITICAL - hat
05-23 - root - corpus_reader.py:91 read_corpus - CRITICAL - of
05-23 - root - corpus_reader.py:91 read_corpus - CRITICAL - plaited
05-23 - root - corpus_reader.py:91 read_corpus - CRITICAL - straw
05-23 - root - corpus_reader.py:91 read_corpus - CRITICAL - dyed
05-23 - root - corpus_reader.py:91 read_corpus - CRITICAL - black
05-23 - root - corpus_reader.py:91 read_corpus - CRITICAL - ,
05-23 - root - corpus_reader.py:91 read_corpus - CRITICAL - as
05-23 - root - corpus_reader.py:91 read_corpus - CRITICAL - often
05-23 - root - corpus_reader.py:91 read_corpus - CRITICAL - worn
05-23 - root - corpus_reader.py:91 read_corpus - CRITICAL - in
05-23 - root - corpus_reader.py:91 read_corpus - CRITICAL - the
05-23 - root - corpus_reader.py:91 read_corpus - CRITICAL - summer
05-23 - root - corpus_reader.py:91 read_corpus - CRITICAL - at
05-23 - root - corpus_reader.py:91 read_corpus - CRITICAL - the
05-23 - root - corpus_reader.py:91 read_corpus - CRITICAL - time
05-23 - root - corpus_reader.py:91 read_corpus - CRITICAL - .
05-23 - root - corpus_reader.py:91 read_corpus - CRITICAL - His
05-23 - root - corpus_reader.py:91 read_corpus - CRITICAL - tabard
05-23 - root - corpus_reader.py:91 read_corpus - CRITICAL - was
05-23 - root - corpus_reader.py:91 read_corpus - CRITICAL - more
05-23 - root - corpus_reader.py:91 read_corpus - CRITICAL - purple
05-23 - root - corpus_reader.py:91 read_corpus - CRITICAL - than
05-23 - root - corpus_reader.py:91 read_corpus - CRITICAL - it
05-23 - root - corpus_reader.py:91 read_corpus - CRITICAL - appears
05-23 - root - corpus_reader.py:91 read_corpus - CRITICAL - now
05-23 - root - corpus_reader.py:91 read_corpus - CRITICAL - (
05-23 - root - corpus_reader.py:91 read_corpus - CRITICAL - as
05-23 - root - corpus_reader.py:91 read_corpus - CRITICAL - the
05-23 - root - corpus_reader.py:91 read_corpus - CRITICAL - pigments
05-23 - root - corpus_reader.py:91 read_corpus - CRITICAL - have
05-23 - root - corpus_reader.py:91 read_corpus - CRITICAL - faded
05-23 - root - corpus_reader.py:91 read_corpus - CRITICAL - over
05-23 - root - corpus_reader.py:91 read_corpus - CRITICAL - time
05-23 - root - corpus_reader.py:91 read_corpus - CRITICAL - )
05-23 - root - corpus_reader.py:91 read_corpus - CRITICAL - and
05-23 - root - corpus_reader.py:91 read_corpus - CRITICAL - may
05-23 - root - corpus_reader.py:91 read_corpus - CRITICAL - be
05-23 - root - corpus_reader.py:91 read_corpus - CRITICAL - intended
05-23 - root - corpus_reader.py:91 read_corpus - CRITICAL - to
05-23 - root - corpus_reader.py:91 read_corpus - CRITICAL - be
05-23 - root - corpus_reader.py:91 read_corpus - CRITICAL - silk
05-23 - root - corpus_reader.py:91 read_corpus - CRITICAL - velvet
05-23 - root - corpus_reader.py:91 read_corpus - CRITICAL - (
05-23 - root - corpus_reader.py:91 read_corpus - CRITICAL - another
05-23 - root - corpus_reader.py:91 read_corpus - CRITICAL - very
05-23 - root - corpus_reader.py:91 read_corpus - CRITICAL - expensive
05-23 - root - corpus_reader.py:91 read_corpus - CRITICAL - item
05-23 - root - corpus_reader.py:91 read_corpus - CRITICAL - )
05-23 - root - corpus_reader.py:91 read_corpus - CRITICAL - .
05-23 - root - corpus_reader.py:91 read_corpus - CRITICAL - Underneath
05-23 - root - corpus_reader.py:91 read_corpus - CRITICAL - he
05-23 - root - corpus_reader.py:91 read_corpus - CRITICAL - wears
05-23 - root - corpus_reader.py:91 read_corpus - CRITICAL - a
05-23 - root - corpus_reader.py:91 read_corpus - CRITICAL - doublet
05-23 - root - corpus_reader.py:91 read_corpus - CRITICAL - of
05-23 - root - corpus_reader.py:91 read_corpus - CRITICAL - patterned
05-23 - root - corpus_reader.py:91 read_corpus - CRITICAL - material
05-23 - root - corpus_reader.py:91 read_corpus - CRITICAL - ,
05-23 - root - corpus_reader.py:91 read_corpus - CRITICAL - probably
05-23 - root - corpus_reader.py:91 read_corpus - CRITICAL - silk
05-23 - root - corpus_reader.py:91 read_corpus - CRITICAL - damask
05-23 - root - corpus_reader.py:91 read_corpus - CRITICAL - .
05-23 - root - corpus_reader.py:91 read_corpus - CRITICAL - Her
05-23 - root - corpus_reader.py:91 read_corpus - CRITICAL - dress
05-23 - root - corpus_reader.py:91 read_corpus - CRITICAL - has
05-23 - root - corpus_reader.py:91 read_corpus - CRITICAL - elaborate
05-23 - root - corpus_reader.py:91 read_corpus - CRITICAL - dagging
05-23 - root - corpus_reader.py:91 read_corpus - CRITICAL - (
05-23 - root - corpus_reader.py:91 read_corpus - CRITICAL - cloth
05-23 - root - corpus_reader.py:91 read_corpus - CRITICAL - folded
05-23 - root - corpus_reader.py:91 read_corpus - CRITICAL - and
05-23 - root - corpus_reader.py:91 read_corpus - CRITICAL - sewn
05-23 - root - corpus_reader.py:91 read_corpus - CRITICAL - together
05-23 - root - corpus_reader.py:91 read_corpus - CRITICAL - ,
05-23 - root - corpus_reader.py:91 read_corpus - CRITICAL - then
05-23 - root - corpus_reader.py:91 read_corpus - CRITICAL - cut
05-23 - root - corpus_reader.py:91 read_corpus - CRITICAL - and
05-23 - root - corpus_reader.py:91 read_corpus - CRITICAL - frayed
05-23 - root - corpus_reader.py:91 read_corpus - CRITICAL - decoratively
05-23 - root - corpus_reader.py:91 read_corpus - CRITICAL - )
05-23 - root - corpus_reader.py:91 read_corpus - CRITICAL - on
05-23 - root - corpus_reader.py:91 read_corpus - CRITICAL - the
05-23 - root - corpus_reader.py:91 read_corpus - CRITICAL - sleeves
05-23 - root - corpus_reader.py:91 read_corpus - CRITICAL - ,
05-23 - root - corpus_reader.py:91 read_corpus - CRITICAL - and
05-23 - root - corpus_reader.py:91 read_corpus - CRITICAL - a
05-23 - root - corpus_reader.py:91 read_corpus - CRITICAL - long
05-23 - root - corpus_reader.py:91 read_corpus - CRITICAL - train
05-23 - root - corpus_reader.py:91 read_corpus - CRITICAL - .
05-23 - root - corpus_reader.py:91 read_corpus - CRITICAL - Her
05-23 - root - corpus_reader.py:91 read_corpus - CRITICAL - blue
05-23 - root - corpus_reader.py:91 read_corpus - CRITICAL - underdress
05-23 - root - corpus_reader.py:91 read_corpus - CRITICAL - is
05-23 - root - corpus_reader.py:91 read_corpus - CRITICAL - also
05-23 - root - corpus_reader.py:91 read_corpus - CRITICAL - trimmed
05-23 - root - corpus_reader.py:91 read_corpus - CRITICAL - with
05-23 - root - corpus_reader.py:91 read_corpus - CRITICAL - white
05-23 - root - corpus_reader.py:91 read_corpus - CRITICAL - fur
05-23 - root - corpus_reader.py:91 read_corpus - CRITICAL - .
05-23 - root - corpus_reader.py:91 read_corpus - CRITICAL - Although
05-23 - root - corpus_reader.py:91 read_corpus - CRITICAL - the
05-23 - root - corpus_reader.py:91 read_corpus - CRITICAL - woman
05-23 - root - corpus_reader.py:91 read_corpus - CRITICAL - 's
05-23 - root - corpus_reader.py:91 read_corpus - CRITICAL - plain
05-23 - root - corpus_reader.py:91 read_corpus - CRITICAL - gold
05-23 - root - corpus_reader.py:91 read_corpus - CRITICAL - necklace
05-23 - root - corpus_reader.py:91 read_corpus - CRITICAL - and
05-23 - root - corpus_reader.py:91 read_corpus - CRITICAL - the
05-23 - root - corpus_reader.py:91 read_corpus - CRITICAL - rings
05-23 - root - corpus_reader.py:91 read_corpus - CRITICAL - that
05-23 - root - corpus_reader.py:91 read_corpus - CRITICAL - both
05-23 - root - corpus_reader.py:91 read_corpus - CRITICAL - wear
05-23 - root - corpus_reader.py:91 read_corpus - CRITICAL - are
05-23 - root - corpus_reader.py:91 read_corpus - CRITICAL - the
05-23 - root - corpus_reader.py:91 read_corpus - CRITICAL - only
05-23 - root - corpus_reader.py:91 read_corpus - CRITICAL - jewellery
05-23 - root - corpus_reader.py:91 read_corpus - CRITICAL - visible
05-23 - root - corpus_reader.py:91 read_corpus - CRITICAL - ,
05-23 - root - corpus_reader.py:91 read_corpus - CRITICAL - both
05-23 - root - corpus_reader.py:91 read_corpus - CRITICAL - outfits
05-23 - root - corpus_reader.py:91 read_corpus - CRITICAL - would
05-23 - root - corpus_reader.py:91 read_corpus - CRITICAL - have
05-23 - root - corpus_reader.py:91 read_corpus - CRITICAL - been
05-23 - root - corpus_reader.py:91 read_corpus - CRITICAL - enormously
05-23 - root - corpus_reader.py:91 read_corpus - CRITICAL - expensive
05-23 - root - corpus_reader.py:91 read_corpus - CRITICAL - ,
05-23 - root - corpus_reader.py:91 read_corpus - CRITICAL - and
05-23 - root - corpus_reader.py:91 read_corpus - CRITICAL - appreciated
05-23 - root - corpus_reader.py:91 read_corpus - CRITICAL - as
05-23 - root - corpus_reader.py:91 read_corpus - CRITICAL - such
05-23 - root - corpus_reader.py:91 read_corpus - CRITICAL - by
05-23 - root - corpus_reader.py:91 read_corpus - CRITICAL - a
05-23 - root - corpus_reader.py:91 read_corpus - CRITICAL - contemporary
05-23 - root - corpus_reader.py:91 read_corpus - CRITICAL - viewer
05-23 - root - corpus_reader.py:91 read_corpus - CRITICAL - .
05-23 - root - corpus_reader.py:91 read_corpus - CRITICAL - There
05-23 - root - corpus_reader.py:91 read_corpus - CRITICAL - may
05-23 - root - corpus_reader.py:91 read_corpus - CRITICAL - be
05-23 - root - corpus_reader.py:91 read_corpus - CRITICAL - an
05-23 - root - corpus_reader.py:91 read_corpus - CRITICAL - element
05-23 - root - corpus_reader.py:91 read_corpus - CRITICAL - of
05-23 - root - corpus_reader.py:91 read_corpus - CRITICAL - restraint
05-23 - root - corpus_reader.py:91 read_corpus - CRITICAL - in
05-23 - root - corpus_reader.py:91 read_corpus - CRITICAL - their
05-23 - root - corpus_reader.py:91 read_corpus - CRITICAL - clothes
05-23 - root - corpus_reader.py:91 read_corpus - CRITICAL - (
05-23 - root - corpus_reader.py:91 read_corpus - CRITICAL - especially
05-23 - root - corpus_reader.py:91 read_corpus - CRITICAL - the
05-23 - root - corpus_reader.py:91 read_corpus - CRITICAL - man
05-23 - root - corpus_reader.py:91 read_corpus - CRITICAL - )
05-23 - root - corpus_reader.py:91 read_corpus - CRITICAL - befitting
05-23 - root - corpus_reader.py:91 read_corpus - CRITICAL - their
05-23 - root - corpus_reader.py:91 read_corpus - CRITICAL - merchant
05-23 - root - corpus_reader.py:91 read_corpus - CRITICAL - status
05-23 - root - corpus_reader.py:91 read_corpus - CRITICAL - –
05-23 - root - corpus_reader.py:91 read_corpus - CRITICAL - portraits
05-23 - root - corpus_reader.py:91 read_corpus - CRITICAL - of
05-23 - root - corpus_reader.py:91 read_corpus - CRITICAL - aristocrats
05-23 - root - corpus_reader.py:91 read_corpus - CRITICAL - tend
05-23 - root - corpus_reader.py:91 read_corpus - CRITICAL - to
05-23 - root - corpus_reader.py:91 read_corpus - CRITICAL - show
05-23 - root - corpus_reader.py:91 read_corpus - CRITICAL - gold
05-23 - root - corpus_reader.py:91 read_corpus - CRITICAL - chains
05-23 - root - corpus_reader.py:91 read_corpus - CRITICAL - and
05-23 - root - corpus_reader.py:91 read_corpus - CRITICAL - more
05-23 - root - corpus_reader.py:91 read_corpus - CRITICAL - decorated
05-23 - root - corpus_reader.py:91 read_corpus - CRITICAL - cloth
05-23 - root - corpus_reader.py:91 read_corpus - CRITICAL - ,
05-23 - root - corpus_reader.py:91 read_corpus - CRITICAL - The
05-23 - root - corpus_reader.py:91 read_corpus - CRITICAL - interior
05-23 - root - corpus_reader.py:91 read_corpus - CRITICAL - of
05-23 - root - corpus_reader.py:91 read_corpus - CRITICAL - the
05-23 - root - corpus_reader.py:91 read_corpus - CRITICAL - room
05-23 - root - corpus_reader.py:91 read_corpus - CRITICAL - has
05-23 - root - corpus_reader.py:91 read_corpus - CRITICAL - other
05-23 - root - corpus_reader.py:91 read_corpus - CRITICAL - signs
05-23 - root - corpus_reader.py:91 read_corpus - CRITICAL - of
05-23 - root - corpus_reader.py:91 read_corpus - CRITICAL - wealth
05-23 - root - corpus_reader.py:91 read_corpus - CRITICAL - ;
05-23 - root - corpus_reader.py:91 read_corpus - CRITICAL - the
05-23 - root - corpus_reader.py:91 read_corpus - CRITICAL - brass
05-23 - root - corpus_reader.py:91 read_corpus - CRITICAL - chandelier
05-23 - root - corpus_reader.py:91 read_corpus - CRITICAL - is
05-23 - root - corpus_reader.py:91 read_corpus - CRITICAL - large
05-23 - root - corpus_reader.py:91 read_corpus - CRITICAL - and
05-23 - root - corpus_reader.py:91 read_corpus - CRITICAL - elaborate
05-23 - root - corpus_reader.py:91 read_corpus - CRITICAL - by
05-23 - root - corpus_reader.py:91 read_corpus - CRITICAL - contemporary
05-23 - root - corpus_reader.py:91 read_corpus - CRITICAL - standards
05-23 - root - corpus_reader.py:91 read_corpus - CRITICAL - ,
05-23 - root - corpus_reader.py:91 read_corpus - CRITICAL - and
05-23 - root - corpus_reader.py:91 read_corpus - CRITICAL - would
05-23 - root - corpus_reader.py:91 read_corpus - CRITICAL - have
05-23 - root - corpus_reader.py:91 read_corpus - CRITICAL - been
05-23 - root - corpus_reader.py:91 read_corpus - CRITICAL - very
05-23 - root - corpus_reader.py:91 read_corpus - CRITICAL - expensive
05-23 - root - corpus_reader.py:91 read_corpus - CRITICAL - .
05-23 - root - corpus_reader.py:91 read_corpus - CRITICAL - It
05-23 - root - corpus_reader.py:91 read_corpus - CRITICAL - would
05-23 - root - corpus_reader.py:91 read_corpus - CRITICAL - probably
05-23 - root - corpus_reader.py:91 read_corpus - CRITICAL - have
05-23 - root - corpus_reader.py:91 read_corpus - CRITICAL - had
05-23 - root - corpus_reader.py:91 read_corpus - CRITICAL - a
05-23 - root - corpus_reader.py:91 read_corpus - CRITICAL - mechanism
05-23 - root - corpus_reader.py:91 read_corpus - CRITICAL - with
05-23 - root - corpus_reader.py:91 read_corpus - CRITICAL - pulley
05-23 - root - corpus_reader.py:91 read_corpus - CRITICAL - and
05-23 - root - corpus_reader.py:91 read_corpus - CRITICAL - chains
05-23 - root - corpus_reader.py:91 read_corpus - CRITICAL - above
05-23 - root - corpus_reader.py:91 read_corpus - CRITICAL - ,
05-23 - root - corpus_reader.py:91 read_corpus - CRITICAL - to
05-23 - root - corpus_reader.py:91 read_corpus - CRITICAL - lower
05-23 - root - corpus_reader.py:91 read_corpus - CRITICAL - it
05-23 - root - corpus_reader.py:91 read_corpus - CRITICAL - for
05-23 - root - corpus_reader.py:91 read_corpus - CRITICAL - managing
05-23 - root - corpus_reader.py:91 read_corpus - CRITICAL - the
05-23 - root - corpus_reader.py:91 read_corpus - CRITICAL - candles
05-23 - root - corpus_reader.py:91 read_corpus - CRITICAL - (
05-23 - root - corpus_reader.py:91 read_corpus - CRITICAL - possibly
05-23 - root - corpus_reader.py:91 read_corpus - CRITICAL - omitted
05-23 - root - corpus_reader.py:91 read_corpus - CRITICAL - from
05-23 - root - corpus_reader.py:91 read_corpus - CRITICAL - the
05-23 - root - corpus_reader.py:91 read_corpus - CRITICAL - painting
05-23 - root - corpus_reader.py:91 read_corpus - CRITICAL - for
05-23 - root - corpus_reader.py:91 read_corpus - CRITICAL - lack
05-23 - root - corpus_reader.py:91 read_corpus - CRITICAL - of
05-23 - root - corpus_reader.py:91 read_corpus - CRITICAL - room
05-23 - root - corpus_reader.py:91 read_corpus - CRITICAL - )
05-23 - root - corpus_reader.py:91 read_corpus - CRITICAL - .
05-23 - root - corpus_reader.py:91 read_corpus - CRITICAL - The
05-23 - root - corpus_reader.py:91 read_corpus - CRITICAL - convex
05-23 - root - corpus_reader.py:91 read_corpus - CRITICAL - mirror
05-23 - root - corpus_reader.py:91 read_corpus - CRITICAL - at
05-23 - root - corpus_reader.py:91 read_corpus - CRITICAL - the
05-23 - root - corpus_reader.py:91 read_corpus - CRITICAL - back
05-23 - root - corpus_reader.py:91 read_corpus - CRITICAL - ,
05-23 - root - corpus_reader.py:91 read_corpus - CRITICAL - in
05-23 - root - corpus_reader.py:91 read_corpus - CRITICAL - a
05-23 - root - corpus_reader.py:91 read_corpus - CRITICAL - wooden
05-23 - root - corpus_reader.py:91 read_corpus - CRITICAL - frame
05-23 - root - corpus_reader.py:91 read_corpus - CRITICAL - with
05-23 - root - corpus_reader.py:91 read_corpus - CRITICAL - scenes
05-23 - root - corpus_reader.py:91 read_corpus - CRITICAL - of
05-23 - root - corpus_reader.py:91 read_corpus - CRITICAL - The
05-23 - root - corpus_reader.py:91 read_corpus - CRITICAL - Passion
05-23 - root - corpus_reader.py:91 read_corpus - CRITICAL - painted
05-23 - root - corpus_reader.py:91 read_corpus - CRITICAL - behind
05-23 - root - corpus_reader.py:91 read_corpus - CRITICAL - glass
05-23 - root - corpus_reader.py:91 read_corpus - CRITICAL - ,
05-23 - root - corpus_reader.py:91 read_corpus - CRITICAL - is
05-23 - root - corpus_reader.py:91 read_corpus - CRITICAL - shown
05-23 - root - corpus_reader.py:91 read_corpus - CRITICAL - larger
05-23 - root - corpus_reader.py:91 read_corpus - CRITICAL - than
05-23 - root - corpus_reader.py:91 read_corpus - CRITICAL - such
05-23 - root - corpus_reader.py:91 read_corpus - CRITICAL - mirrors
05-23 - root - corpus_reader.py:91 read_corpus - CRITICAL - could
05-23 - root - corpus_reader.py:91 read_corpus - CRITICAL - actually
05-23 - root - corpus_reader.py:91 read_corpus - CRITICAL - be
05-23 - root - corpus_reader.py:91 read_corpus - CRITICAL - made
05-23 - root - corpus_reader.py:91 read_corpus - CRITICAL - at
05-23 - root - corpus_reader.py:91 read_corpus - CRITICAL - this
05-23 - root - corpus_reader.py:91 read_corpus - CRITICAL - date
05-23 - root - corpus_reader.py:91 read_corpus - CRITICAL - –
05-23 - root - corpus_reader.py:91 read_corpus - CRITICAL - another
05-23 - root - corpus_reader.py:91 read_corpus - CRITICAL - discreet
05-23 - root - corpus_reader.py:91 read_corpus - CRITICAL - departure
05-23 - root - corpus_reader.py:91 read_corpus - CRITICAL - from
05-23 - root - corpus_reader.py:91 read_corpus - CRITICAL - realism
05-23 - root - corpus_reader.py:91 read_corpus - CRITICAL - by
05-23 - root - corpus_reader.py:91 read_corpus - CRITICAL - van
05-23 - root - corpus_reader.py:91 read_corpus - CRITICAL - Eyck
05-23 - root - corpus_reader.py:91 read_corpus - CRITICAL - .
05-23 - root - corpus_reader.py:91 read_corpus - CRITICAL - There
05-23 - root - corpus_reader.py:91 read_corpus - CRITICAL - is
05-23 - root - corpus_reader.py:91 read_corpus - CRITICAL - also
05-23 - root - corpus_reader.py:91 read_corpus - CRITICAL - no
05-23 - root - corpus_reader.py:91 read_corpus - CRITICAL - sign
05-23 - root - corpus_reader.py:91 read_corpus - CRITICAL - of
05-23 - root - corpus_reader.py:91 read_corpus - CRITICAL - a
05-23 - root - corpus_reader.py:91 read_corpus - CRITICAL - fireplace
05-23 - root - corpus_reader.py:91 read_corpus - CRITICAL - (
05-23 - root - corpus_reader.py:91 read_corpus - CRITICAL - including
05-23 - root - corpus_reader.py:91 read_corpus - CRITICAL - in
05-23 - root - corpus_reader.py:91 read_corpus - CRITICAL - the
05-23 - root - corpus_reader.py:91 read_corpus - CRITICAL - mirror
05-23 - root - corpus_reader.py:91 read_corpus - CRITICAL - )
05-23 - root - corpus_reader.py:91 read_corpus - CRITICAL - ,
05-23 - root - corpus_reader.py:91 read_corpus - CRITICAL - nor
05-23 - root - corpus_reader.py:91 read_corpus - CRITICAL - anywhere
05-23 - root - corpus_reader.py:91 read_corpus - CRITICAL - obvious
05-23 - root - corpus_reader.py:91 read_corpus - CRITICAL - to
05-23 - root - corpus_reader.py:91 read_corpus - CRITICAL - put
05-23 - root - corpus_reader.py:91 read_corpus - CRITICAL - one
05-23 - root - corpus_reader.py:91 read_corpus - CRITICAL - .
05-23 - root - corpus_reader.py:91 read_corpus - CRITICAL - Even
05-23 - root - corpus_reader.py:91 read_corpus - CRITICAL - the
05-23 - root - corpus_reader.py:91 read_corpus - CRITICAL - oranges
05-23 - root - corpus_reader.py:91 read_corpus - CRITICAL - casually
05-23 - root - corpus_reader.py:91 read_corpus - CRITICAL - placed
05-23 - root - corpus_reader.py:91 read_corpus - CRITICAL - to
05-23 - root - corpus_reader.py:91 read_corpus - CRITICAL - the
05-23 - root - corpus_reader.py:91 read_corpus - CRITICAL - left
05-23 - root - corpus_reader.py:91 read_corpus - CRITICAL - are
05-23 - root - corpus_reader.py:91 read_corpus - CRITICAL - a
05-23 - root - corpus_reader.py:91 read_corpus - CRITICAL - sign
05-23 - root - corpus_reader.py:91 read_corpus - CRITICAL - of
05-23 - root - corpus_reader.py:91 read_corpus - CRITICAL - wealth
05-23 - root - corpus_reader.py:91 read_corpus - CRITICAL - ;
05-23 - root - corpus_reader.py:91 read_corpus - CRITICAL - they
05-23 - root - corpus_reader.py:91 read_corpus - CRITICAL - were
05-23 - root - corpus_reader.py:91 read_corpus - CRITICAL - very
05-23 - root - corpus_reader.py:91 read_corpus - CRITICAL - expensive
05-23 - root - corpus_reader.py:91 read_corpus - CRITICAL - in
05-23 - root - corpus_reader.py:91 read_corpus - CRITICAL - Burgundy
05-23 - root - corpus_reader.py:91 read_corpus - CRITICAL - ,
05-23 - root - corpus_reader.py:91 read_corpus - CRITICAL - and
05-23 - root - corpus_reader.py:91 read_corpus - CRITICAL - may
05-23 - root - corpus_reader.py:91 read_corpus - CRITICAL - have
05-23 - root - corpus_reader.py:91 read_corpus - CRITICAL - been
05-23 - root - corpus_reader.py:91 read_corpus - CRITICAL - one
05-23 - root - corpus_reader.py:91 read_corpus - CRITICAL - of
05-23 - root - corpus_reader.py:91 read_corpus - CRITICAL - the
05-23 - root - corpus_reader.py:91 read_corpus - CRITICAL - items
05-23 - root - corpus_reader.py:91 read_corpus - CRITICAL - dealt
05-23 - root - corpus_reader.py:91 read_corpus - CRITICAL - in
05-23 - root - corpus_reader.py:91 read_corpus - CRITICAL - by
05-23 - root - corpus_reader.py:91 read_corpus - CRITICAL - Arnolfini
05-23 - root - corpus_reader.py:91 read_corpus - CRITICAL - .
05-23 - root - corpus_reader.py:91 read_corpus - CRITICAL - Further
05-23 - root - corpus_reader.py:91 read_corpus - CRITICAL - signs
05-23 - root - corpus_reader.py:91 read_corpus - CRITICAL - of
05-23 - root - corpus_reader.py:91 read_corpus - CRITICAL - luxury
05-23 - root - corpus_reader.py:91 read_corpus - CRITICAL - are
05-23 - root - corpus_reader.py:91 read_corpus - CRITICAL - the
05-23 - root - corpus_reader.py:91 read_corpus - CRITICAL - elaborate
05-23 - root - corpus_reader.py:91 read_corpus - CRITICAL - bed
05-23 - root - corpus_reader.py:91 read_corpus - CRITICAL - -
05-23 - root - corpus_reader.py:91 read_corpus - CRITICAL - hangings
05-23 - root - corpus_reader.py:91 read_corpus - CRITICAL - and
05-23 - root - corpus_reader.py:91 read_corpus - CRITICAL - the
05-23 - root - corpus_reader.py:91 read_corpus - CRITICAL - carvings
05-23 - root - corpus_reader.py:91 read_corpus - CRITICAL - on
05-23 - root - corpus_reader.py:91 read_corpus - CRITICAL - the
05-23 - root - corpus_reader.py:91 read_corpus - CRITICAL - chair
05-23 - root - corpus_reader.py:91 read_corpus - CRITICAL - and
05-23 - root - corpus_reader.py:91 read_corpus - CRITICAL - bench
05-23 - root - corpus_reader.py:91 read_corpus - CRITICAL - against
05-23 - root - corpus_reader.py:91 read_corpus - CRITICAL - the
05-23 - root - corpus_reader.py:91 read_corpus - CRITICAL - back
05-23 - root - corpus_reader.py:91 read_corpus - CRITICAL - wall
05-23 - root - corpus_reader.py:91 read_corpus - CRITICAL - (
05-23 - root - corpus_reader.py:91 read_corpus - CRITICAL - to
05-23 - root - corpus_reader.py:91 read_corpus - CRITICAL - the
05-23 - root - corpus_reader.py:91 read_corpus - CRITICAL - right
05-23 - root - corpus_reader.py:91 read_corpus - CRITICAL - ,
05-23 - root - corpus_reader.py:91 read_corpus - CRITICAL - partly
05-23 - root - corpus_reader.py:91 read_corpus - CRITICAL - hidden
05-23 - root - corpus_reader.py:91 read_corpus - CRITICAL - by
05-23 - root - corpus_reader.py:91 read_corpus - CRITICAL - the
05-23 - root - corpus_reader.py:91 read_corpus - CRITICAL - bed
05-23 - root - corpus_reader.py:91 read_corpus - CRITICAL - )
05-23 - root - corpus_reader.py:91 read_corpus - CRITICAL - ,
05-23 - root - corpus_reader.py:91 read_corpus - CRITICAL - also
05-23 - root - corpus_reader.py:91 read_corpus - CRITICAL - the
05-23 - root - corpus_reader.py:91 read_corpus - CRITICAL - small
05-23 - root - corpus_reader.py:91 read_corpus - CRITICAL - Oriental
05-23 - root - corpus_reader.py:91 read_corpus - CRITICAL - carpet
05-23 - root - corpus_reader.py:91 read_corpus - CRITICAL - on
05-23 - root - corpus_reader.py:91 read_corpus - CRITICAL - the
05-23 - root - corpus_reader.py:91 read_corpus - CRITICAL - floor
05-23 - root - corpus_reader.py:91 read_corpus - CRITICAL - by
05-23 - root - corpus_reader.py:91 read_corpus - CRITICAL - the
05-23 - root - corpus_reader.py:91 read_corpus - CRITICAL - bed
05-23 - root - corpus_reader.py:91 read_corpus - CRITICAL - ;
05-23 - root - corpus_reader.py:91 read_corpus - CRITICAL - many
05-23 - root - corpus_reader.py:91 read_corpus - CRITICAL - owners
05-23 - root - corpus_reader.py:91 read_corpus - CRITICAL - of
05-23 - root - corpus_reader.py:91 read_corpus - CRITICAL - such
05-23 - root - corpus_reader.py:91 read_corpus - CRITICAL - expensive
05-23 - root - corpus_reader.py:91 read_corpus - CRITICAL - objects
05-23 - root - corpus_reader.py:91 read_corpus - CRITICAL - placed
05-23 - root - corpus_reader.py:91 read_corpus - CRITICAL - them
05-23 - root - corpus_reader.py:91 read_corpus - CRITICAL - on
05-23 - root - corpus_reader.py:91 read_corpus - CRITICAL - tables
05-23 - root - corpus_reader.py:91 read_corpus - CRITICAL - ,
05-23 - root - corpus_reader.py:91 read_corpus - CRITICAL - as
05-23 - root - corpus_reader.py:91 read_corpus - CRITICAL - they
05-23 - root - corpus_reader.py:91 read_corpus - CRITICAL - still
05-23 - root - corpus_reader.py:91 read_corpus - CRITICAL - do
05-23 - root - corpus_reader.py:91 read_corpus - CRITICAL - in
05-23 - root - corpus_reader.py:91 read_corpus - CRITICAL - the
05-23 - root - corpus_reader.py:91 read_corpus - CRITICAL - Netherlands
05-23 - root - corpus_reader.py:91 read_corpus - CRITICAL - .
05-23 - root - corpus_reader.py:91 read_corpus - CRITICAL - The
05-23 - root - corpus_reader.py:91 read_corpus - CRITICAL - view
05-23 - root - corpus_reader.py:91 read_corpus - CRITICAL - in
05-23 - root - corpus_reader.py:91 read_corpus - CRITICAL - the
05-23 - root - corpus_reader.py:91 read_corpus - CRITICAL - mirror
05-23 - root - corpus_reader.py:91 read_corpus - CRITICAL - shows
05-23 - root - corpus_reader.py:91 read_corpus - CRITICAL - two
05-23 - root - corpus_reader.py:91 read_corpus - CRITICAL - figures
05-23 - root - corpus_reader.py:91 read_corpus - CRITICAL - just
05-23 - root - corpus_reader.py:91 read_corpus - CRITICAL - inside
05-23 - root - corpus_reader.py:91 read_corpus - CRITICAL - the
05-23 - root - corpus_reader.py:91 read_corpus - CRITICAL - door
05-23 - root - corpus_reader.py:91 read_corpus - CRITICAL - that
05-23 - root - corpus_reader.py:91 read_corpus - CRITICAL - the
05-23 - root - corpus_reader.py:91 read_corpus - CRITICAL - couple
05-23 - root - corpus_reader.py:91 read_corpus - CRITICAL - are
05-23 - root - corpus_reader.py:91 read_corpus - CRITICAL - facing
05-23 - root - corpus_reader.py:91 read_corpus - CRITICAL - .
05-23 - root - corpus_reader.py:91 read_corpus - CRITICAL - The
05-23 - root - corpus_reader.py:91 read_corpus - CRITICAL - second
05-23 - root - corpus_reader.py:91 read_corpus - CRITICAL - figure
05-23 - root - corpus_reader.py:91 read_corpus - CRITICAL - ,
05-23 - root - corpus_reader.py:91 read_corpus - CRITICAL - wearing
05-23 - root - corpus_reader.py:91 read_corpus - CRITICAL - red
05-23 - root - corpus_reader.py:91 read_corpus - CRITICAL - ,
05-23 - root - corpus_reader.py:91 read_corpus - CRITICAL - is
05-23 - root - corpus_reader.py:91 read_corpus - CRITICAL - presumably
05-23 - root - corpus_reader.py:91 read_corpus - CRITICAL - the
05-23 - root - corpus_reader.py:91 read_corpus - CRITICAL - artist
05-23 - root - corpus_reader.py:91 read_corpus - CRITICAL - although
05-23 - root - corpus_reader.py:91 read_corpus - CRITICAL - ,
05-23 - root - corpus_reader.py:91 read_corpus - CRITICAL - unlike
05-23 - root - corpus_reader.py:91 read_corpus - CRITICAL - Velázquez
05-23 - root - corpus_reader.py:91 read_corpus - CRITICAL - in
05-23 - root - corpus_reader.py:91 read_corpus - CRITICAL - Las
05-23 - root - corpus_reader.py:91 read_corpus - CRITICAL - Meninas
05-23 - root - corpus_reader.py:91 read_corpus - CRITICAL - ,
05-23 - root - corpus_reader.py:91 read_corpus - CRITICAL - he
05-23 - root - corpus_reader.py:91 read_corpus - CRITICAL - does
05-23 - root - corpus_reader.py:91 read_corpus - CRITICAL - not
05-23 - root - corpus_reader.py:91 read_corpus - CRITICAL - seem
05-23 - root - corpus_reader.py:91 read_corpus - CRITICAL - to
05-23 - root - corpus_reader.py:91 read_corpus - CRITICAL - be
05-23 - root - corpus_reader.py:91 read_corpus - CRITICAL - painting
05-23 - root - corpus_reader.py:91 read_corpus - CRITICAL - .
05-23 - root - corpus_reader.py:91 read_corpus - CRITICAL - Scholars
05-23 - root - corpus_reader.py:91 read_corpus - CRITICAL - have
05-23 - root - corpus_reader.py:91 read_corpus - CRITICAL - made
05-23 - root - corpus_reader.py:91 read_corpus - CRITICAL - this
05-23 - root - corpus_reader.py:91 read_corpus - CRITICAL - assumption
05-23 - root - corpus_reader.py:91 read_corpus - CRITICAL - based
05-23 - root - corpus_reader.py:91 read_corpus - CRITICAL - on
05-23 - root - corpus_reader.py:91 read_corpus - CRITICAL - the
05-23 - root - corpus_reader.py:91 read_corpus - CRITICAL - appearance
05-23 - root - corpus_reader.py:91 read_corpus - CRITICAL - of
05-23 - root - corpus_reader.py:91 read_corpus - CRITICAL - figures
05-23 - root - corpus_reader.py:91 read_corpus - CRITICAL - wearing
05-23 - root - corpus_reader.py:91 read_corpus - CRITICAL - red
05-23 - root - corpus_reader.py:91 read_corpus - CRITICAL - head
05-23 - root - corpus_reader.py:91 read_corpus - CRITICAL - -
05-23 - root - corpus_reader.py:91 read_corpus - CRITICAL - dresses
05-23 - root - corpus_reader.py:91 read_corpus - CRITICAL - in
05-23 - root - corpus_reader.py:91 read_corpus - CRITICAL - some
05-23 - root - corpus_reader.py:91 read_corpus - CRITICAL - other
05-23 - root - corpus_reader.py:91 read_corpus - CRITICAL - van
05-23 - root - corpus_reader.py:91 read_corpus - CRITICAL - Eyck
05-23 - root - corpus_reader.py:91 read_corpus - CRITICAL - works
05-23 - root - corpus_reader.py:91 read_corpus - CRITICAL - (
05-23 - root - corpus_reader.py:91 read_corpus - CRITICAL - e.g.
05-23 - root - corpus_reader.py:91 read_corpus - CRITICAL - ,
05-23 - root - corpus_reader.py:91 read_corpus - CRITICAL - the
05-23 - root - corpus_reader.py:91 read_corpus - CRITICAL - Portrait
05-23 - root - corpus_reader.py:91 read_corpus - CRITICAL - of
05-23 - root - corpus_reader.py:91 read_corpus - CRITICAL - a
05-23 - root - corpus_reader.py:91 read_corpus - CRITICAL - Man
05-23 - root - corpus_reader.py:91 read_corpus - CRITICAL - (
05-23 - root - corpus_reader.py:91 read_corpus - CRITICAL - Self
05-23 - root - corpus_reader.py:91 read_corpus - CRITICAL - Portrait
05-23 - root - corpus_reader.py:91 read_corpus - CRITICAL - ?
05-23 - root - corpus_reader.py:91 read_corpus - CRITICAL - )
05-23 - root - corpus_reader.py:91 read_corpus - CRITICAL - and
05-23 - root - corpus_reader.py:91 read_corpus - CRITICAL - the
05-23 - root - corpus_reader.py:91 read_corpus - CRITICAL - figure
05-23 - root - corpus_reader.py:91 read_corpus - CRITICAL - in
05-23 - root - corpus_reader.py:91 read_corpus - CRITICAL - the
05-23 - root - corpus_reader.py:91 read_corpus - CRITICAL - background
05-23 - root - corpus_reader.py:91 read_corpus - CRITICAL - of
05-23 - root - corpus_reader.py:91 read_corpus - CRITICAL - the
05-23 - root - corpus_reader.py:91 read_corpus - CRITICAL - Madonna
05-23 - root - corpus_reader.py:91 read_corpus - CRITICAL - with
05-23 - root - corpus_reader.py:91 read_corpus - CRITICAL - Chancellor
05-23 - root - corpus_reader.py:91 read_corpus - CRITICAL - Rolin
05-23 - root - corpus_reader.py:91 read_corpus - CRITICAL - )
05-23 - root - corpus_reader.py:91 read_corpus - CRITICAL - .
05-23 - root - corpus_reader.py:91 read_corpus - CRITICAL - The
05-23 - root - corpus_reader.py:91 read_corpus - CRITICAL - dog
05-23 - root - corpus_reader.py:91 read_corpus - CRITICAL - is
05-23 - root - corpus_reader.py:91 read_corpus - CRITICAL - an
05-23 - root - corpus_reader.py:91 read_corpus - CRITICAL - early
05-23 - root - corpus_reader.py:91 read_corpus - CRITICAL - form
05-23 - root - corpus_reader.py:91 read_corpus - CRITICAL - of
05-23 - root - corpus_reader.py:91 read_corpus - CRITICAL - the
05-23 - root - corpus_reader.py:91 read_corpus - CRITICAL - breed
05-23 - root - corpus_reader.py:91 read_corpus - CRITICAL - now
05-23 - root - corpus_reader.py:91 read_corpus - CRITICAL - known
05-23 - root - corpus_reader.py:91 read_corpus - CRITICAL - as
05-23 - root - corpus_reader.py:91 read_corpus - CRITICAL - the
05-23 - root - corpus_reader.py:91 read_corpus - CRITICAL - Brussels
05-23 - root - corpus_reader.py:91 read_corpus - CRITICAL - griffon
05-23 - root - corpus_reader.py:91 read_corpus - CRITICAL - .
05-23 - root - corpus_reader.py:91 read_corpus - CRITICAL - The
05-23 - root - corpus_reader.py:91 read_corpus - CRITICAL - painting
05-23 - root - corpus_reader.py:91 read_corpus - CRITICAL - is
05-23 - root - corpus_reader.py:91 read_corpus - CRITICAL - signed
05-23 - root - corpus_reader.py:91 read_corpus - CRITICAL - ,
05-23 - root - corpus_reader.py:91 read_corpus - CRITICAL - inscribed
05-23 - root - corpus_reader.py:91 read_corpus - CRITICAL - and
05-23 - root - corpus_reader.py:91 read_corpus - CRITICAL - dated
05-23 - root - corpus_reader.py:91 read_corpus - CRITICAL - on
05-23 - root - corpus_reader.py:91 read_corpus - CRITICAL - the
05-23 - root - corpus_reader.py:91 read_corpus - CRITICAL - wall
05-23 - root - corpus_reader.py:91 read_corpus - CRITICAL - above
05-23 - root - corpus_reader.py:91 read_corpus - CRITICAL - the
05-23 - root - corpus_reader.py:91 read_corpus - CRITICAL - mirror
05-23 - root - corpus_reader.py:91 read_corpus - CRITICAL - :
05-23 - root - corpus_reader.py:91 read_corpus - CRITICAL - "
05-23 - root - corpus_reader.py:91 read_corpus - CRITICAL - Johannes
05-23 - root - corpus_reader.py:91 read_corpus - CRITICAL - de
05-23 - root - corpus_reader.py:91 read_corpus - CRITICAL - eyck
05-23 - root - corpus_reader.py:91 read_corpus - CRITICAL - fuit
05-23 - root - corpus_reader.py:91 read_corpus - CRITICAL - hic
05-23 - root - corpus_reader.py:91 read_corpus - CRITICAL - 1434
05-23 - root - corpus_reader.py:91 read_corpus - CRITICAL - "
05-23 - root - corpus_reader.py:91 read_corpus - CRITICAL - (
05-23 - root - corpus_reader.py:91 read_corpus - CRITICAL - "
05-23 - root - corpus_reader.py:91 read_corpus - CRITICAL - Jan
05-23 - root - corpus_reader.py:91 read_corpus - CRITICAL - van
05-23 - root - corpus_reader.py:91 read_corpus - CRITICAL - Eyck
05-23 - root - corpus_reader.py:91 read_corpus - CRITICAL - was
05-23 - root - corpus_reader.py:91 read_corpus - CRITICAL - here
05-23 - root - corpus_reader.py:91 read_corpus - CRITICAL - 1434
05-23 - root - corpus_reader.py:91 read_corpus - CRITICAL - "
05-23 - root - corpus_reader.py:91 read_corpus - CRITICAL - )
05-23 - root - corpus_reader.py:91 read_corpus - CRITICAL - .
05-23 - root - corpus_reader.py:91 read_corpus - CRITICAL - The
05-23 - root - corpus_reader.py:91 read_corpus - CRITICAL - inscription
05-23 - root - corpus_reader.py:91 read_corpus - CRITICAL - looks
05-23 - root - corpus_reader.py:91 read_corpus - CRITICAL - as
05-23 - root - corpus_reader.py:91 read_corpus - CRITICAL - if
05-23 - root - corpus_reader.py:91 read_corpus - CRITICAL - it
05-23 - root - corpus_reader.py:91 read_corpus - CRITICAL - were
05-23 - root - corpus_reader.py:91 read_corpus - CRITICAL - painted
05-23 - root - corpus_reader.py:91 read_corpus - CRITICAL - in
05-23 - root - corpus_reader.py:91 read_corpus - CRITICAL - large
05-23 - root - corpus_reader.py:91 read_corpus - CRITICAL - letters
05-23 - root - corpus_reader.py:91 read_corpus - CRITICAL - on
05-23 - root - corpus_reader.py:91 read_corpus - CRITICAL - the
05-23 - root - corpus_reader.py:91 read_corpus - CRITICAL - wall
05-23 - root - corpus_reader.py:91 read_corpus - CRITICAL - ,
05-23 - root - corpus_reader.py:91 read_corpus - CRITICAL - as
05-23 - root - corpus_reader.py:91 read_corpus - CRITICAL - was
05-23 - root - corpus_reader.py:91 read_corpus - CRITICAL - done
05-23 - root - corpus_reader.py:91 read_corpus - CRITICAL - with
05-23 - root - corpus_reader.py:91 read_corpus - CRITICAL - proverbs
05-23 - root - corpus_reader.py:91 read_corpus - CRITICAL - and
05-23 - root - corpus_reader.py:91 read_corpus - CRITICAL - other
05-23 - root - corpus_reader.py:91 read_corpus - CRITICAL - phrases
05-23 - root - corpus_reader.py:91 read_corpus - CRITICAL - at
05-23 - root - corpus_reader.py:91 read_corpus - CRITICAL - this
05-23 - root - corpus_reader.py:91 read_corpus - CRITICAL - period
05-23 - root - corpus_reader.py:91 read_corpus - CRITICAL - .
05-23 - root - corpus_reader.py:91 read_corpus - CRITICAL - Other
05-23 - root - corpus_reader.py:91 read_corpus - CRITICAL - surviving
05-23 - root - corpus_reader.py:91 read_corpus - CRITICAL - van
05-23 - root - corpus_reader.py:91 read_corpus - CRITICAL - Eyck
05-23 - root - corpus_reader.py:91 read_corpus - CRITICAL - signatures
05-23 - root - corpus_reader.py:91 read_corpus - CRITICAL - are
05-23 - root - corpus_reader.py:91 read_corpus - CRITICAL - painted
05-23 - root - corpus_reader.py:91 read_corpus - CRITICAL - in
05-23 - root - corpus_reader.py:91 read_corpus - CRITICAL - trompe
05-23 - root - corpus_reader.py:91 read_corpus - CRITICAL - l'oeil
05-23 - root - corpus_reader.py:91 read_corpus - CRITICAL - on
05-23 - root - corpus_reader.py:91 read_corpus - CRITICAL - the
05-23 - root - corpus_reader.py:91 read_corpus - CRITICAL - wooden
05-23 - root - corpus_reader.py:91 read_corpus - CRITICAL - frame
05-23 - root - corpus_reader.py:91 read_corpus - CRITICAL - of
05-23 - root - corpus_reader.py:91 read_corpus - CRITICAL - his
05-23 - root - corpus_reader.py:91 read_corpus - CRITICAL - paintings
05-23 - root - corpus_reader.py:91 read_corpus - CRITICAL - ,
05-23 - root - corpus_reader.py:91 read_corpus - CRITICAL - so
05-23 - root - corpus_reader.py:91 read_corpus - CRITICAL - that
05-23 - root - corpus_reader.py:91 read_corpus - CRITICAL - they
05-23 - root - corpus_reader.py:91 read_corpus - CRITICAL - appear
05-23 - root - corpus_reader.py:91 read_corpus - CRITICAL - to
05-23 - root - corpus_reader.py:91 read_corpus - CRITICAL - have
05-23 - root - corpus_reader.py:91 read_corpus - CRITICAL - been
05-23 - root - corpus_reader.py:91 read_corpus - CRITICAL - carved
05-23 - root - corpus_reader.py:91 read_corpus - CRITICAL - in
05-23 - root - corpus_reader.py:91 read_corpus - CRITICAL - the
05-23 - root - corpus_reader.py:91 read_corpus - CRITICAL - wood
05-23 - root - corpus_reader.py:91 read_corpus - CRITICAL - .
